<?xml version="1.0" encoding="UTF-8"?>
<!-- Generated by org.testng.reporters.JUnitReportReporter -->
<testsuite hostname="DESKTOP-2VSQOTC" failures="0" tests="3" name="TestngDemo.ParameterDemo" time="0.024" errors="0" timestamp="2022-07-28T18:17:27 IST" skipped="0">
  <testcase classname="TestngDemo.ParameterDemo" name="add" time="0.002"/>
  <system-out/>
  <testcase classname="TestngDemo.ParameterDemo" name="Division" time="0.018"/>
  <system-out/>
  <testcase classname="TestngDemo.ParameterDemo" name="multiply" time="0.004"/>
  <system-out/>
</testsuite> <!-- TestngDemo.ParameterDemo -->
