<?xml version="1.0" encoding="UTF-8"?>
<!-- Generated by org.testng.reporters.JUnitReportReporter -->
<testsuite hostname="DESKTOP-2VSQOTC" failures="0" tests="2" name="TestngDemo.FirstTest" time="5.607" errors="0" timestamp="2022-07-24T11:35:46 IST" skipped="0">
  <testcase classname="TestngDemo.FirstTest" name="s" time="0.524"/>
  <system-out/>
  <testcase classname="TestngDemo.FirstTest" name="f" time="5.083"/>
  <system-out/>
</testsuite> <!-- TestngDemo.FirstTest -->
