<?xml version="1.0" encoding="UTF-8"?>
<!-- Generated by org.testng.reporters.JUnitReportReporter -->
<testsuite hostname="DESKTOP-2VSQOTC" failures="0" tests="4" name="TestngDemo.GroupTestDemo" time="11.634" errors="0" timestamp="2022-07-28T20:27:10 IST" skipped="1">
  <testcase classname="TestngDemo.GroupTestDemo" name="launchBrowser" time="11.325"/>
  <system-out/>
  <testcase classname="TestngDemo.GroupTestDemo" name="checkTitle" time="0.017"/>
  <system-out/>
  <testcase classname="TestngDemo.GroupTestDemo" name="login" time="0.292"/>
  <system-out/>
  <testcase classname="TestngDemo.GroupTestDemo" name="tearDown">
    <skipped/>
  </testcase> <!-- tearDown -->
  <system-out/>
</testsuite> <!-- TestngDemo.GroupTestDemo -->
