<?xml version="1.0" encoding="UTF-8"?>
<!-- Generated by org.testng.reporters.JUnitReportReporter -->
<testsuite hostname="DESKTOP-2VSQOTC" failures="0" tests="2" name="TestngDemo.OptionalParameterDemo" time="0.024" errors="0" timestamp="2022-07-29T13:29:18 IST" skipped="0">
  <testcase classname="TestngDemo.OptionalParameterDemo" name="opt1" time="0.009"/>
  <system-out/>
  <testcase classname="TestngDemo.OptionalParameterDemo" name="opt" time="0.015"/>
  <system-out/>
</testsuite> <!-- TestngDemo.OptionalParameterDemo -->
