<?xml version="1.0" encoding="UTF-8"?>
<!-- Generated by org.testng.reporters.JUnitReportReporter -->
<testsuite hostname="DESKTOP-2VSQOTC" failures="0" tests="2" name="TestngDemo.ParameterDemo3" time="9.693" errors="0" timestamp="2022-07-28T19:22:03 IST" skipped="0">
  <testcase classname="TestngDemo.ParameterDemo3" name="facebook" time="3.983"/>
  <system-out/>
  <testcase classname="TestngDemo.ParameterDemo3" name="facebook" time="5.710"/>
  <system-out/>
</testsuite> <!-- TestngDemo.ParameterDemo3 -->
