<?xml version="1.0" encoding="UTF-8"?>
<!-- Generated by org.testng.reporters.JUnitReportReporter -->
<testsuite hostname="DESKTOP-2VSQOTC" failures="0" tests="2" name="TestngDemo.FbDataprovider" time="9.352" errors="0" timestamp="2022-07-28T19:19:15 IST" skipped="0">
  <testcase classname="TestngDemo.FbDataprovider" name="fblogin" time="3.747"/>
  <system-out/>
  <testcase classname="TestngDemo.FbDataprovider" name="fblogin" time="5.605"/>
  <system-out/>
</testsuite> <!-- TestngDemo.FbDataprovider -->
