<?xml version="1.0" encoding="UTF-8"?>
<!-- Generated by org.testng.reporters.JUnitReportReporter -->
<testsuite hostname="DESKTOP-2VSQOTC" failures="0" tests="2" name="TestngDemo.OptionalPara" time="0.284" errors="0" timestamp="2022-07-29T13:21:08 IST" skipped="0">
  <testcase classname="TestngDemo.OptionalPara" name="opt2" time="0.023"/>
  <system-out/>
  <testcase classname="TestngDemo.OptionalPara" name="opt" time="0.261"/>
  <system-out/>
</testsuite> <!-- TestngDemo.OptionalPara -->
