<?xml version="1.0" encoding="UTF-8"?>
<!-- Generated by org.testng.reporters.JUnitReportReporter -->
<testsuite hostname="DESKTOP-2VSQOTC" failures="0" tests="2" name="TestngDemo.NewTest" time="7.528" errors="0" timestamp="2022-07-28T18:03:00 IST" skipped="0">
  <testcase classname="TestngDemo.NewTest" name="f" time="2.842"/>
  <system-out/>
  <testcase classname="TestngDemo.NewTest" name="f" time="4.686"/>
  <system-out/>
</testsuite> <!-- TestngDemo.NewTest -->
