<?xml version="1.0" encoding="UTF-8"?>
<!-- Generated by org.testng.reporters.JUnitReportReporter -->
<testsuite hostname="DESKTOP-2VSQOTC" failures="0" tests="5" name="TestngDemo.TwitterTest" time="12.382" errors="0" timestamp="2022-07-29T16:10:04 IST" skipped="0">
  <testcase classname="TestngDemo.TwitterTest" name="launchbrowser" time="5.023"/>
  <system-out/>
  <testcase classname="TestngDemo.TwitterTest" name="checkUrl" time="0.039"/>
  <system-out/>
  <testcase classname="TestngDemo.TwitterTest" name="twitterLogin" time="6.383"/>
  <system-out/>
  <testcase classname="TestngDemo.TwitterTest" name="CheckTitle" time="0.102"/>
  <system-out/>
  <testcase classname="TestngDemo.TwitterTest" name="DoAtweet" time="0.835"/>
  <system-out/>
</testsuite> <!-- TestngDemo.TwitterTest -->
