<?xml version="1.0" encoding="UTF-8"?>
<!-- Generated by org.testng.reporters.JUnitReportReporter -->
<testsuite hostname="DESKTOP-2VSQOTC" failures="0" tests="2" name="TestngDemo.FbDataptest" time="10.126" errors="0" timestamp="2022-07-28T15:40:14 IST" skipped="0">
  <testcase classname="TestngDemo.FbDataptest" name="fblogin" time="4.686"/>
  <system-out/>
  <testcase classname="TestngDemo.FbDataptest" name="fblogin" time="5.440"/>
  <system-out/>
</testsuite> <!-- TestngDemo.FbDataptest -->
