<?xml version="1.0" encoding="UTF-8"?>
<!-- Generated by org.testng.reporters.JUnitReportReporter -->
<testsuite hostname="DESKTOP-2VSQOTC" failures="0" tests="1" name="TestngDemo.Gmail_loginDataP" time="9.804" errors="0" timestamp="2022-07-28T15:25:31 IST" skipped="0">
  <testcase classname="TestngDemo.Gmail_loginDataP" name="Gmail" time="9.804"/>
  <system-out/>
</testsuite> <!-- TestngDemo.Gmail_loginDataP -->
