<?xml version="1.0" encoding="UTF-8"?>
<!-- Generated by org.testng.reporters.JUnitReportReporter -->
<testsuite hostname="DESKTOP-2VSQOTC" failures="0" tests="2" name="TestngDemo.KiteZDataProviDemo" time="7.953" errors="0" timestamp="2022-07-28T18:06:51 IST" skipped="0">
  <testcase classname="TestngDemo.KiteZDataProviDemo" name="f" time="3.593"/>
  <system-out/>
  <testcase classname="TestngDemo.KiteZDataProviDemo" name="f" time="4.360"/>
  <system-out/>
</testsuite> <!-- TestngDemo.KiteZDataProviDemo -->
