<?xml version="1.0" encoding="UTF-8"?>
<!-- Generated by org.testng.reporters.JUnitReportReporter -->
<testsuite hostname="DESKTOP-2VSQOTC" failures="0" tests="1" name="TestngDemo.TwitterData_provider" time="10.050" errors="0" timestamp="2022-07-29T16:10:30 IST" skipped="0">
  <testcase classname="TestngDemo.TwitterData_provider" name="TwitterLogin" time="10.050"/>
  <system-out/>
</testsuite> <!-- TestngDemo.TwitterData_provider -->
