<?xml version="1.0" encoding="UTF-8"?>
<!-- Generated by org.testng.reporters.JUnitReportReporter -->
<testsuite hostname="DESKTOP-2VSQOTC" failures="0" tests="6" name="TestngDemo.ParameterDemo1" time="0.027" errors="0" timestamp="2022-07-28T16:54:59 IST" skipped="0">
  <testcase classname="TestngDemo.ParameterDemo1" name="add" time="0.018"/>
  <system-out/>
  <testcase classname="TestngDemo.ParameterDemo1" name="sub" time="0.001"/>
  <system-out/>
  <testcase classname="TestngDemo.ParameterDemo1" name="add" time="0.002"/>
  <system-out/>
  <testcase classname="TestngDemo.ParameterDemo1" name="sub" time="0.002"/>
  <system-out/>
  <testcase classname="TestngDemo.ParameterDemo1" name="add" time="0.001"/>
  <system-out/>
  <testcase classname="TestngDemo.ParameterDemo1" name="sub" time="0.003"/>
  <system-out/>
</testsuite> <!-- TestngDemo.ParameterDemo1 -->
