<?xml version="1.0" encoding="UTF-8"?>
<!-- Generated by org.testng.reporters.JUnitReportReporter -->
<testsuite hostname="DESKTOP-2VSQOTC" failures="0" tests="2" name="TestngDemo.Datapro_flipkart" time="15.636" errors="0" timestamp="2022-07-31T17:17:10 IST" skipped="0">
  <testcase classname="TestngDemo.Datapro_flipkart" name="surfing" time="0.772"/>
  <system-out/>
  <testcase classname="TestngDemo.Datapro_flipkart" name="flipkartlogin" time="14.864"/>
  <system-out/>
</testsuite> <!-- TestngDemo.Datapro_flipkart -->
