<?xml version="1.0" encoding="UTF-8"?>
<!-- Generated by org.testng.reporters.JUnitReportReporter -->
<testsuite hostname="DESKTOP-2VSQOTC" failures="0" tests="3" name="TestngDemo.ParameterDemo2" time="36.697" errors="0" timestamp="2022-07-28T18:50:12 IST" skipped="0">
  <testcase classname="TestngDemo.ParameterDemo2" name="add" time="8.334"/>
  <system-out/>
  <testcase classname="TestngDemo.ParameterDemo2" name="add" time="19.664"/>
  <system-out/>
  <testcase classname="TestngDemo.ParameterDemo2" name="add" time="8.699"/>
  <system-out/>
</testsuite> <!-- TestngDemo.ParameterDemo2 -->
